# JRE version: Java(TM) SE Runtime Environment (20.0+36) (build 20+36-2344)
# Java VM: Java HotSpot(TM) 64-Bit Server VM (20+36-2344, mixed mode, sharing, tiered, compressed oops, compressed class ptrs, g1 gc, linux-amd64)
GC Precious Log:
 CardTable entry size: 512
 Card Set container configuration: InlinePtr #cards 4 size 8 Array Of Cards #cards 16 size 48 Howl #buckets 8 coarsen threshold 3686 Howl Bitmap #cards 512 size 80 coarsen threshold 460 Card regions per heap region 1 cards per card region 4096
 CPUs: 4 total, 4 available
 Memory: 11823M
 Large Page Support: Disabled
 NUMA Support: Disabled
 Compressed Oops: Enabled (Zero based)
 Heap Region Size: 2M
 Heap Min Capacity: 8M
 Heap Initial Capacity: 186M
 Heap Max Capacity: 2956M
 Pre-touch: Disabled
 Parallel Workers: 4
 Concurrent Workers: 1
 Concurrent Refinement Workers: 4
 Periodic GC: Disabled
Heap:
 garbage-first heap   total 81920K, used 34118K [0x0000000747400000, 0x0000000800000000)
  region size 2048K, 9 young (18432K), 3 survivors (6144K)
 Metaspace       used 47746K, committed 48448K, reserved 1114112K
  class space    used 6076K, committed 6400K, reserved 1048576K
GC Heap History (14 events):
Event: 1.173 GC heap before
{Heap before GC invocations=0 (full 0):
 garbage-first heap   total 194560K, used 14316K [0x0000000747400000, 0x0000000800000000)
  region size 2048K, 6 young (12288K), 0 survivors (0K)
 Metaspace       used 3925K, committed 4096K, reserved 1114112K
  class space    used 431K, committed 512K, reserved 1048576K
}
Event: 1.177 GC heap after
{Heap after GC invocations=1 (full 0):
 garbage-first heap   total 194560K, used 6021K [0x0000000747400000, 0x0000000800000000)
  region size 2048K, 1 young (2048K), 1 survivors (2048K)
 Metaspace       used 3925K, committed 4096K, reserved 1114112K
  class space    used 431K, committed 512K, reserved 1048576K
}
Event: 1.608 GC heap before
{Heap before GC invocations=1 (full 0):
 garbage-first heap   total 194560K, used 14213K [0x0000000747400000, 0x0000000800000000)
  region size 2048K, 5 young (10240K), 1 survivors (2048K)
 Metaspace       used 6429K, committed 6592K, reserved 1114112K
  class space    used 759K, committed 832K, reserved 1048576K
}
Event: 1.612 GC heap after
{Heap after GC invocations=2 (full 0):
 garbage-first heap   total 194560K, used 6897K [0x0000000747400000, 0x0000000800000000)
  region size 2048K, 1 young (2048K), 1 survivors (2048K)
 Metaspace       used 6429K, committed 6592K, reserved 1114112K
  class space    used 759K, committed 832K, reserved 1048576K
}
Event: 3.910 GC heap before
{Heap before GC invocations=2 (full 0):
 garbage-first heap   total 194560K, used 25329K [0x0000000747400000, 0x0000000800000000)
  region size 2048K, 11 young (22528K), 1 survivors (2048K)
 Metaspace       used 11936K, committed 12160K, reserved 1114112K
  class space    used 1420K, committed 1536K, reserved 1048576K
}
Event: 3.922 GC heap after
{Heap after GC invocations=3 (full 0):
 garbage-first heap   total 194560K, used 8677K [0x0000000747400000, 0x0000000800000000)
  region size 2048K, 2 young (4096K), 2 survivors (4096K)
 Metaspace       used 11936K, committed 12160K, reserved 1114112K
  class space    used 1420K, committed 1536K, reserved 1048576K
}
Event: 7.475 GC heap before
{Heap before GC invocations=3 (full 0):
 garbage-first heap   total 194560K, used 59877K [0x0000000747400000, 0x0000000800000000)
  region size 2048K, 28 young (57344K), 2 survivors (4096K)
 Metaspace       used 21154K, committed 21504K, reserved 1114112K
  class space    used 2572K, committed 2752K, reserved 1048576K
}
Event: 7.490 GC heap after
{Heap after GC invocations=4 (full 0):
 garbage-first heap   total 194560K, used 12511K [0x0000000747400000, 0x0000000800000000)
  region size 2048K, 4 young (8192K), 4 survivors (8192K)
 Metaspace       used 21154K, committed 21504K, reserved 1114112K
  class space    used 2572K, committed 2752K, reserved 1048576K
}
Event: 10.899 GC heap before
{Heap before GC invocations=5 (full 0):
 garbage-first heap   total 69632K, used 65759K [0x0000000747400000, 0x0000000800000000)
  region size 2048K, 30 young (61440K), 4 survivors (8192K)
 Metaspace       used 35410K, committed 35968K, reserved 1114112K
  class space    used 4430K, committed 4672K, reserved 1048576K
}
Event: 10.953 GC heap after
{Heap after GC invocations=6 (full 0):
 garbage-first heap   total 83968K, used 18852K [0x0000000747400000, 0x0000000800000000)
  region size 2048K, 7 young (14336K), 7 survivors (14336K)
 Metaspace       used 35410K, committed 35968K, reserved 1114112K
  class space    used 4430K, committed 4672K, reserved 1048576K
}
Event: 11.074 GC heap before
{Heap before GC invocations=6 (full 0):
 garbage-first heap   total 83968K, used 20900K [0x0000000747400000, 0x0000000800000000)
  region size 2048K, 9 young (18432K), 7 survivors (14336K)
 Metaspace       used 35875K, committed 36416K, reserved 1114112K
  class space    used 4499K, committed 4736K, reserved 1048576K
}
Event: 11.096 GC heap after
{Heap after GC invocations=7 (full 0):
 garbage-first heap   total 83968K, used 20381K [0x0000000747400000, 0x0000000800000000)
  region size 2048K, 1 young (2048K), 1 survivors (2048K)
 Metaspace       used 35875K, committed 36416K, reserved 1114112K
  class space    used 4499K, committed 4736K, reserved 1048576K
}
Event: 13.169 GC heap before
{Heap before GC invocations=8 (full 0):
 garbage-first heap   total 81920K, used 65437K [0x0000000747400000, 0x0000000800000000)
  region size 2048K, 23 young (47104K), 1 survivors (2048K)
 Metaspace       used 44746K, committed 45376K, reserved 1114112K
  class space    used 5725K, committed 6016K, reserved 1048576K
}
Event: 13.180 GC heap after
{Heap after GC invocations=9 (full 0):
 garbage-first heap   total 81920K, used 23878K [0x0000000747400000, 0x0000000800000000)
  region size 2048K, 3 young (6144K), 3 survivors (6144K)
 Metaspace       used 44746K, committed 45376K, reserved 1114112K
  class space    used 5725K, committed 6016K, reserved 1048576K
}

